[2026-03-15T21:59:50.869Z] [INFO] Starting Ralph Loop for: PRD
[2026-03-15T21:59:50.873Z] [INFO] Total tasks: 709
[2026-03-15T21:59:50.903Z] [INFO] 
--- Task #1 ---
[2026-03-15T21:59:50.903Z] [INFO] Description: Create project directory structure
[2026-03-15T21:59:50.903Z] [INFO] Category: project-setup
[2026-03-15T22:00:13.889Z] [INFO] 🔍 Verifying task #1...
[2026-03-15T22:00:14.402Z] [INFO] ✅ Task #1 completed and verified
[2026-03-15T22:00:15.448Z] [INFO] 
--- Task #2 ---
[2026-03-15T22:00:15.448Z] [INFO] Description: Initialize package.json with name, version, description
[2026-03-15T22:00:15.450Z] [INFO] Category: project-setup
[2026-03-15T22:00:38.623Z] [INFO] 🔍 Verifying task #2...
[2026-03-15T22:00:39.159Z] [INFO] ✅ Task #2 completed and verified
[2026-03-15T22:00:40.195Z] [INFO] 
--- Task #3 ---
[2026-03-15T22:00:40.195Z] [INFO] Description: Set up TypeScript configuration (tsconfig.json)
[2026-03-15T22:00:40.196Z] [INFO] Category: project-setup
[2026-03-15T22:01:10.430Z] [INFO] 🔍 Verifying task #3...
[2026-03-15T22:01:11.646Z] [INFO] ✅ Task #3 completed and verified
[2026-03-15T22:01:12.686Z] [INFO] 
--- Task #4 ---
[2026-03-15T22:01:12.686Z] [INFO] Description: Configure ESLint with recommended rules
[2026-03-15T22:01:12.688Z] [INFO] Category: project-setup
[2026-03-15T22:02:58.615Z] [INFO] 🔍 Verifying task #4...
[2026-03-15T22:03:01.388Z] [INFO] ✅ Task #4 completed and verified
[2026-03-15T22:03:02.425Z] [INFO] 
--- Task #5 ---
[2026-03-15T22:03:02.425Z] [INFO] Description: Set up Prettier for code formatting
[2026-03-15T22:03:02.427Z] [INFO] Category: project-setup
[2026-03-15T22:03:55.800Z] [INFO] 🔍 Verifying task #5...
[2026-03-15T22:03:57.140Z] [INFO] ✅ Task #5 completed and verified
[2026-03-15T22:03:58.189Z] [INFO] 
--- Task #6 ---
[2026-03-15T22:03:58.190Z] [INFO] Description: Create .gitignore file
[2026-03-15T22:03:58.190Z] [INFO] Category: project-setup
[2026-03-15T22:04:21.562Z] [INFO] 🔍 Verifying task #6...
[2026-03-15T22:04:21.990Z] [INFO] ✅ Task #6 completed and verified
[2026-03-15T22:04:23.038Z] [INFO] 
--- Task #7 ---
[2026-03-15T22:04:23.038Z] [INFO] Description: Initialize git repository
[2026-03-15T22:04:23.040Z] [INFO] Category: project-setup
[2026-03-15T22:04:41.620Z] [INFO] 🔍 Verifying task #7...
[2026-03-15T22:04:42.358Z] [INFO] ✅ Task #7 completed and verified
[2026-03-15T22:04:43.396Z] [INFO] 
--- Task #8 ---
[2026-03-15T22:04:43.396Z] [INFO] Description: Create README.md with project overview
[2026-03-15T22:04:43.397Z] [INFO] Category: project-setup
[2026-03-15T22:15:11.527Z] [INFO] Starting Ralph Loop for: PRD
[2026-03-15T22:15:11.529Z] [INFO] Total tasks: 709
[2026-03-15T22:15:11.557Z] [INFO] 
--- Task #8 ---
[2026-03-15T22:15:11.557Z] [INFO] Description: Create README.md with project overview
[2026-03-15T22:15:11.557Z] [INFO] Category: project-setup
[2026-03-15T22:15:35.645Z] [INFO] 🔍 Verifying task #8...
[2026-03-15T22:15:36.204Z] [INFO] ✅ Task #8 completed and verified
[2026-03-15T22:15:37.237Z] [INFO] 
--- Task #9 ---
[2026-03-15T22:15:37.237Z] [INFO] Description: Set up environment variables (.env.example)
[2026-03-15T22:15:37.239Z] [INFO] Category: project-setup
[2026-03-15T22:15:56.239Z] [INFO] 🔍 Verifying task #9...
[2026-03-15T22:15:56.707Z] [INFO] ✅ Task #9 completed and verified
[2026-03-15T22:15:57.748Z] [INFO] 
--- Task #10 ---
[2026-03-15T22:15:57.748Z] [INFO] Description: Configure build scripts in package.json
[2026-03-15T22:15:57.750Z] [INFO] Category: project-setup
[2026-03-15T22:17:14.012Z] [INFO] 🔍 Verifying task #10...
[2026-03-15T22:17:14.493Z] [INFO] ✅ Task #10 completed and verified
[2026-03-15T22:17:15.535Z] [INFO] 
--- Task #11 ---
[2026-03-15T22:17:15.535Z] [INFO] Description: Set up workspace configuration if monorepo
[2026-03-15T22:17:15.538Z] [INFO] Category: project-setup
[2026-03-15T22:17:47.418Z] [INFO] 🔍 Verifying task #11...
[2026-03-15T22:17:47.955Z] [INFO] ✅ Task #11 completed and verified
[2026-03-15T22:17:48.991Z] [INFO] 
--- Task #12 ---
[2026-03-15T22:17:48.991Z] [INFO] Description: Create CONTRIBUTING.md with guidelines
[2026-03-15T22:17:48.993Z] [INFO] Category: project-setup
[2026-03-15T22:18:44.270Z] [INFO] 🔍 Verifying task #12...
[2026-03-15T22:18:44.754Z] [INFO] ✅ Task #12 completed and verified
[2026-03-15T22:18:45.787Z] [INFO] 
--- Task #13 ---
[2026-03-15T22:18:45.787Z] [INFO] Description: Set up husky for git hooks
[2026-03-15T22:18:45.788Z] [INFO] Category: project-setup
[2026-03-15T22:19:52.083Z] [INFO] 🔍 Verifying task #13...
[2026-03-15T22:19:52.549Z] [INFO] ✅ Task #13 completed and verified
[2026-03-15T22:19:53.589Z] [INFO] 
--- Task #14 ---
[2026-03-15T22:19:53.589Z] [INFO] Description: Configure lint-staged for pre-commit
[2026-03-15T22:19:53.590Z] [INFO] Category: project-setup
[2026-03-15T22:31:12.267Z] [INFO] Starting Ralph Loop for: PRD
[2026-03-15T22:31:12.269Z] [INFO] Total tasks: 709
[2026-03-15T22:31:12.302Z] [INFO] 
--- Task #14 ---
[2026-03-15T22:31:12.302Z] [INFO] Description: Configure lint-staged for pre-commit
[2026-03-15T22:31:12.302Z] [INFO] Category: project-setup
[2026-03-15T22:32:15.157Z] [INFO] 🔍 Verifying task #14...
[2026-03-15T22:32:15.985Z] [INFO] ✅ Task #14 completed and verified
[2026-03-15T22:32:17.026Z] [INFO] 
--- Task #15 ---
[2026-03-15T22:32:17.026Z] [INFO] Description: Set up VS Code workspace settings
[2026-03-15T22:32:17.027Z] [INFO] Category: project-setup
[2026-03-15T22:32:45.450Z] [INFO] 🔍 Verifying task #15...
[2026-03-15T22:32:45.899Z] [INFO] ✅ Task #15 completed and verified
[2026-03-15T22:32:46.937Z] [INFO] 
--- Task #16 ---
[2026-03-15T22:32:46.937Z] [INFO] Description: Install core runtime dependencies
[2026-03-15T22:32:46.938Z] [INFO] Category: dependencies
[2026-03-15T22:34:19.973Z] [INFO] 🔍 Verifying task #16...
[2026-03-15T22:34:20.707Z] [ERROR] ❌ Task #16 verification failed: Expected "ok" but got ""
[2026-03-15T22:34:20.708Z] [INFO] 🔄 Retrying task #16 with verification feedback...
[2026-03-15T22:37:42.352Z] [ERROR] ❌ Task #16 failed verification on retry
[2026-03-15T22:37:43.394Z] [INFO] 
--- Task #17 ---
[2026-03-15T22:37:43.394Z] [INFO] Description: Install development dependencies
[2026-03-15T22:37:43.395Z] [INFO] Category: dependencies
[2026-03-15T22:39:16.868Z] [INFO] 🔍 Verifying task #17...
[2026-03-15T22:39:17.445Z] [ERROR] ❌ Task #17 verification failed: Expected "ok" but got ""
[2026-03-15T22:39:17.445Z] [INFO] 🔄 Retrying task #17 with verification feedback...
[2026-03-15T22:40:45.965Z] [ERROR] ❌ Task #17 failed verification on retry
[2026-03-15T22:40:47.006Z] [INFO] 
--- Task #18 ---
[2026-03-15T22:40:47.006Z] [INFO] Description: Install image processing dependency (sharp)
[2026-03-15T22:40:47.007Z] [INFO] Category: dependencies
[2026-03-15T22:41:28.416Z] [INFO] 🔍 Verifying task #18...
[2026-03-15T22:41:28.925Z] [ERROR] ❌ Task #18 verification failed: Expected "ok" but got "[eval]:1
require(sharp)
        ^

ReferenceError: sharp is not defined
    at [eval]:1:9
    at runScriptInThisContext (node:internal/vm:219:10)
    at node:internal/process/execution:451:12
    at ["
[2026-03-15T22:41:28.925Z] [INFO] 🔄 Retrying task #18 with verification feedback...
[2026-03-15T22:41:57.557Z] [ERROR] ❌ Task #18 failed verification on retry
[2026-03-15T22:41:58.601Z] [INFO] 
--- Task #19 ---
[2026-03-15T22:41:58.601Z] [INFO] Description: Install terminal emulation dependency (node-pty)
[2026-03-15T22:41:58.601Z] [INFO] Category: dependencies
[2026-03-15T22:42:20.171Z] [INFO] 🔍 Verifying task #19...
[2026-03-15T22:42:20.918Z] [ERROR] ❌ Task #19 verification failed: Expected "ok" but got "[eval]:1
require(node-pty)
        ^

ReferenceError: node is not defined
    at [eval]:1:9
    at runScriptInThisContext (node:internal/vm:219:10)
    at node:internal/process/execution:451:12
    at"
[2026-03-15T22:42:20.918Z] [INFO] 🔄 Retrying task #19 with verification feedback...
[2026-03-15T22:42:49.822Z] [ERROR] ❌ Task #19 failed verification on retry
[2026-03-15T22:42:50.857Z] [INFO] 
--- Task #20 ---
[2026-03-15T22:42:50.857Z] [INFO] Description: Install browser automation dependency (playwright)
[2026-03-15T22:42:50.857Z] [INFO] Category: dependencies
[2026-03-15T22:43:15.805Z] [INFO] 🔍 Verifying task #20...
[2026-03-15T22:43:20.666Z] [ERROR] ❌ Task #20 verification failed: Expected "ok" but got "Version 1.58.2"
[2026-03-15T22:43:20.666Z] [INFO] 🔄 Retrying task #20 with verification feedback...
